src/components/editor/nodes/StoryBuilderNode/StoryBuilderComponent.tsx(614,32): error TS2304: Cannot find name 'enhancedNode'.
src/components/editor/nodes/StoryBuilderNode/StoryBuilderComponent.tsx(683,60): error TS2304: Cannot find name 'EnhancedStoryChoice'.
src/components/editor/nodes/StoryBuilderNode/StoryBuilderComponent.tsx(797,66): error TS2304: Cannot find name 'EnhancedStoryNode'.
src/components/editor/nodes/StoryBuilderNode/StoryBuilderComponent.tsx(803,52): error TS2304: Cannot find name 'EnhancedStoryNode'.
src/components/editor/nodes/StoryBuilderNode/StoryBuilderComponent.tsx(809,61): error TS2304: Cannot find name 'EnhancedStoryNode'.
src/components/editor/utils/ai.test.ts(20,136): error TS2345: Argument of type 'any' is not assignable to parameter of type 'never'.
src/components/editor/utils/ai.test.ts(25,130): error TS2345: Argument of type 'any' is not assignable to parameter of type 'never'.
src/utils/html.tsx(629,70): error TS2339: Property 'icon' does not exist on type 'StoryNode'.
src/utils/html.tsx(634,57): error TS2339: Property 'consequence' does not exist on type 'StoryNode'.
src/utils/html.tsx(637,63): error TS2339: Property 'consequence' does not exist on type 'StoryNode'.
src/utils/html.tsx(686,23): error TS7053: Element implicitly has an 'any' type because expression of type 'any' can't be used to index type '{ neutral: { bg: string; border: string; text: string; }; happy: { bg: string; border: string; text: string; }; sad: { bg: string; border: string; text: string; }; mysterious: { bg: string; border: string; text: string; }; exciting: { ...; }; dark: { ...; }; }'.
src/utils/html.tsx(714,14): error TS7006: Parameter 'tag' implicitly has an 'any' type.
